<?xml version="1.0" encoding="UTF-8"?>
<!-- Generated by org.testng.reporters.JUnitXMLReporter -->
<testsuite ignored="0" hostname="VICTORs-MacBook-Pro.local" failures="0" tests="96" name="Command line test" time="0.196" errors="0" timestamp="2021-09-20T17:28:00 PET">
  <testcase classname="cs.ing.software.lab1.PruebaTest" name="TestAuto_ManejarNeg" time="0.018"/>
  <testcase classname="cs.ing.software.lab1.PruebaTest" name="TestAuto_ManejarOK" time="0.012"/>
  <testcase classname="cs.ing.software.lab1.PruebaTest" name="TestAuto_ManejarReabastecer" time="0.0"/>
  <testcase classname="cs.ing.software.lab1.PruebaTest" name="TestAuto_ManejarZero" time="0.0"/>
  <testcase classname="cs.ing.software.lab1.PruebaTest" name="TestAuto_ReabastecerFull" time="0.0"/>
  <testcase classname="cs.ing.software.lab1.PruebaTest" name="TestAuto_ReabastecerNeg" time="0.0"/>
  <testcase classname="cs.ing.software.lab1.PruebaTest" name="TestAuto_ReabastecerOK" time="0.004"/>
  <testcase classname="cs.ing.software.lab1.PruebaTest" name="TestAuto_ReabastecerZero" time="0.0"/>
  <testcase classname="cs.ing.software.lab1.PruebaTest" name="TestCamion_ManejarNeg" time="0.001"/>
  <testcase classname="cs.ing.software.lab1.PruebaTest" name="TestCamion_ManejarOK" time="0.005"/>
  <testcase classname="cs.ing.software.lab1.PruebaTest" name="TestCamion_ManejarReabastecer" time="0.0"/>
  <testcase classname="cs.ing.software.lab1.PruebaTest" name="TestCamion_ManejarZero" time="0.001"/>
  <testcase classname="cs.ing.software.lab1.PruebaTest" name="TestCamion_Reabastecer80" time="0.001"/>
  <testcase classname="cs.ing.software.lab1.PruebaTest" name="TestCamion_Reabastecer80" time="0.001"/>
  <testcase classname="cs.ing.software.lab1.PruebaTest" name="TestCamion_Reabastecer80" time="0.001"/>
  <testcase classname="cs.ing.software.lab1.PruebaTest" name="TestCamion_Reabastecer80" time="0.0"/>
  <testcase classname="cs.ing.software.lab1.PruebaTest" name="TestCamion_Reabastecer80" time="0.0"/>
  <testcase classname="cs.ing.software.lab1.PruebaTest" name="TestCamion_Reabastecer80" time="0.0"/>
  <testcase classname="cs.ing.software.lab1.PruebaTest" name="TestCamion_Reabastecer80" time="0.0"/>
  <testcase classname="cs.ing.software.lab1.PruebaTest" name="TestCamion_Reabastecer80" time="0.0"/>
  <testcase classname="cs.ing.software.lab1.PruebaTest" name="TestCamion_Reabastecer80" time="0.001"/>
  <testcase classname="cs.ing.software.lab1.PruebaTest" name="TestCamion_Reabastecer80" time="0.0"/>
  <testcase classname="cs.ing.software.lab1.PruebaTest" name="TestCamion_Reabastecer80" time="0.0"/>
  <testcase classname="cs.ing.software.lab1.PruebaTest" name="TestCamion_Reabastecer80" time="0.0"/>
  <testcase classname="cs.ing.software.lab1.PruebaTest" name="TestCamion_Reabastecer80" time="0.0"/>
  <testcase classname="cs.ing.software.lab1.PruebaTest" name="TestCamion_Reabastecer80" time="0.0"/>
  <testcase classname="cs.ing.software.lab1.PruebaTest" name="TestCamion_Reabastecer80" time="0.001"/>
  <testcase classname="cs.ing.software.lab1.PruebaTest" name="TestCamion_Reabastecer80" time="0.001"/>
  <testcase classname="cs.ing.software.lab1.PruebaTest" name="TestCamion_Reabastecer80" time="0.001"/>
  <testcase classname="cs.ing.software.lab1.PruebaTest" name="TestCamion_Reabastecer80" time="0.0"/>
  <testcase classname="cs.ing.software.lab1.PruebaTest" name="TestCamion_Reabastecer80" time="0.001"/>
  <testcase classname="cs.ing.software.lab1.PruebaTest" name="TestCamion_Reabastecer80" time="0.0"/>
  <testcase classname="cs.ing.software.lab1.PruebaTest" name="TestCamion_Reabastecer80" time="0.001"/>
  <testcase classname="cs.ing.software.lab1.PruebaTest" name="TestCamion_Reabastecer80" time="0.0"/>
  <testcase classname="cs.ing.software.lab1.PruebaTest" name="TestCamion_Reabastecer80" time="0.0"/>
  <testcase classname="cs.ing.software.lab1.PruebaTest" name="TestCamion_Reabastecer80" time="0.0"/>
  <testcase classname="cs.ing.software.lab1.PruebaTest" name="TestCamion_Reabastecer80" time="0.0"/>
  <testcase classname="cs.ing.software.lab1.PruebaTest" name="TestCamion_Reabastecer80" time="0.0"/>
  <testcase classname="cs.ing.software.lab1.PruebaTest" name="TestCamion_Reabastecer80" time="0.001"/>
  <testcase classname="cs.ing.software.lab1.PruebaTest" name="TestCamion_Reabastecer80" time="0.001"/>
  <testcase classname="cs.ing.software.lab1.PruebaTest" name="TestCamion_Reabastecer80" time="0.001"/>
  <testcase classname="cs.ing.software.lab1.PruebaTest" name="TestCamion_Reabastecer80" time="0.001"/>
  <testcase classname="cs.ing.software.lab1.PruebaTest" name="TestCamion_Reabastecer80" time="0.0"/>
  <testcase classname="cs.ing.software.lab1.PruebaTest" name="TestCamion_Reabastecer80" time="0.0"/>
  <testcase classname="cs.ing.software.lab1.PruebaTest" name="TestCamion_Reabastecer80" time="0.001"/>
  <testcase classname="cs.ing.software.lab1.PruebaTest" name="TestCamion_Reabastecer80" time="0.001"/>
  <testcase classname="cs.ing.software.lab1.PruebaTest" name="TestCamion_Reabastecer80" time="0.0"/>
  <testcase classname="cs.ing.software.lab1.PruebaTest" name="TestCamion_Reabastecer80" time="0.0"/>
  <testcase classname="cs.ing.software.lab1.PruebaTest" name="TestCamion_Reabastecer80" time="0.0"/>
  <testcase classname="cs.ing.software.lab1.PruebaTest" name="TestCamion_Reabastecer80" time="0.001"/>
  <testcase classname="cs.ing.software.lab1.PruebaTest" name="TestCamion_Reabastecer80" time="0.0"/>
  <testcase classname="cs.ing.software.lab1.PruebaTest" name="TestCamion_Reabastecer80" time="0.001"/>
  <testcase classname="cs.ing.software.lab1.PruebaTest" name="TestCamion_Reabastecer80" time="0.0"/>
  <testcase classname="cs.ing.software.lab1.PruebaTest" name="TestCamion_Reabastecer80" time="0.001"/>
  <testcase classname="cs.ing.software.lab1.PruebaTest" name="TestCamion_Reabastecer80" time="0.001"/>
  <testcase classname="cs.ing.software.lab1.PruebaTest" name="TestCamion_Reabastecer80" time="0.001"/>
  <testcase classname="cs.ing.software.lab1.PruebaTest" name="TestCamion_Reabastecer80" time="0.0"/>
  <testcase classname="cs.ing.software.lab1.PruebaTest" name="TestCamion_Reabastecer80" time="0.0"/>
  <testcase classname="cs.ing.software.lab1.PruebaTest" name="TestCamion_Reabastecer80" time="0.0"/>
  <testcase classname="cs.ing.software.lab1.PruebaTest" name="TestCamion_Reabastecer80" time="0.0"/>
  <testcase classname="cs.ing.software.lab1.PruebaTest" name="TestCamion_Reabastecer80" time="0.0"/>
  <testcase classname="cs.ing.software.lab1.PruebaTest" name="TestCamion_Reabastecer80" time="0.0"/>
  <testcase classname="cs.ing.software.lab1.PruebaTest" name="TestCamion_Reabastecer80" time="0.001"/>
  <testcase classname="cs.ing.software.lab1.PruebaTest" name="TestCamion_Reabastecer80" time="0.0"/>
  <testcase classname="cs.ing.software.lab1.PruebaTest" name="TestCamion_Reabastecer80" time="0.0"/>
  <testcase classname="cs.ing.software.lab1.PruebaTest" name="TestCamion_Reabastecer80" time="0.0"/>
  <testcase classname="cs.ing.software.lab1.PruebaTest" name="TestCamion_Reabastecer80" time="0.0"/>
  <testcase classname="cs.ing.software.lab1.PruebaTest" name="TestCamion_Reabastecer80" time="0.001"/>
  <testcase classname="cs.ing.software.lab1.PruebaTest" name="TestCamion_Reabastecer80" time="0.0"/>
  <testcase classname="cs.ing.software.lab1.PruebaTest" name="TestCamion_Reabastecer80" time="0.0"/>
  <testcase classname="cs.ing.software.lab1.PruebaTest" name="TestCamion_Reabastecer80" time="0.0"/>
  <testcase classname="cs.ing.software.lab1.PruebaTest" name="TestCamion_Reabastecer80" time="0.0"/>
  <testcase classname="cs.ing.software.lab1.PruebaTest" name="TestCamion_Reabastecer80" time="0.001"/>
  <testcase classname="cs.ing.software.lab1.PruebaTest" name="TestCamion_Reabastecer80" time="0.0"/>
  <testcase classname="cs.ing.software.lab1.PruebaTest" name="TestCamion_Reabastecer80" time="0.001"/>
  <testcase classname="cs.ing.software.lab1.PruebaTest" name="TestCamion_Reabastecer80" time="0.0"/>
  <testcase classname="cs.ing.software.lab1.PruebaTest" name="TestCamion_Reabastecer80" time="0.0"/>
  <testcase classname="cs.ing.software.lab1.PruebaTest" name="TestCamion_Reabastecer80" time="0.0"/>
  <testcase classname="cs.ing.software.lab1.PruebaTest" name="TestCamion_Reabastecer80" time="0.0"/>
  <testcase classname="cs.ing.software.lab1.PruebaTest" name="TestCamion_Reabastecer80" time="0.001"/>
  <testcase classname="cs.ing.software.lab1.PruebaTest" name="TestCamion_Reabastecer80" time="0.0"/>
  <testcase classname="cs.ing.software.lab1.PruebaTest" name="TestCamion_Reabastecer80" time="0.0"/>
  <testcase classname="cs.ing.software.lab1.PruebaTest" name="TestCamion_Reabastecer80" time="0.0"/>
  <testcase classname="cs.ing.software.lab1.PruebaTest" name="TestCamion_Reabastecer80" time="0.001"/>
  <testcase classname="cs.ing.software.lab1.PruebaTest" name="TestCamion_Reabastecer80" time="0.001"/>
  <testcase classname="cs.ing.software.lab1.PruebaTest" name="TestCamion_Reabastecer80" time="0.0"/>
  <testcase classname="cs.ing.software.lab1.PruebaTest" name="TestCamion_Reabastecer80" time="0.0"/>
  <testcase classname="cs.ing.software.lab1.PruebaTest" name="TestCamion_Reabastecer80" time="0.001"/>
  <testcase classname="cs.ing.software.lab1.PruebaTest" name="TestCamion_Reabastecer80" time="0.0"/>
  <testcase classname="cs.ing.software.lab1.PruebaTest" name="TestCamion_Reabastecer80" time="0.0"/>
  <testcase classname="cs.ing.software.lab1.PruebaTest" name="TestCamion_Reabastecer80" time="0.0"/>
  <testcase classname="cs.ing.software.lab1.PruebaTest" name="TestCamion_Reabastecer80" time="0.001"/>
  <testcase classname="cs.ing.software.lab1.PruebaTest" name="TestCamion_ReabastecerFull" time="0.0"/>
  <testcase classname="cs.ing.software.lab1.PruebaTest" name="TestCamion_ReabastecerNeg" time="0.0"/>
  <testcase classname="cs.ing.software.lab1.PruebaTest" name="TestCamion_ReabastecerOk" time="0.0"/>
  <testcase classname="cs.ing.software.lab1.PruebaTest" name="TestCamion_ReabastecerZero" time="0.001"/>
</testsuite> <!-- Command line test -->
